<?xml version="1.0" encoding="UTF-8"?>
<!-- Generated by org.testng.reporters.JUnitReportReporter -->
<testsuite hostname="xiaoqiang-PC" name="day03.TestNGLearn1" tests="2" failures="0" timestamp="12 Nov 2016 09:49:02 GMT" time="0.070" errors="0">
  <testcase name="TestNgLearn2" time="0.041" classname="day03.TestNGLearn1"/>
  <testcase name="TestNgLearn1" time="0.029" classname="day03.TestNGLearn1"/>
</testsuite> <!-- day03.TestNGLearn1 -->
