<?xml version="1.0" encoding="UTF-8"?>
<!-- Generated by org.testng.reporters.JUnitReportReporter -->
<testsuite hostname="xiaoqiang-PC" name="day03.NewTest" tests="1" failures="0" timestamp="12 Nov 2016 09:38:02 GMT" time="0.017" errors="0">
  <testcase name="TestNgLearn" time="0.017" classname="day03.NewTest"/>
</testsuite> <!-- day03.NewTest -->
